Starting Dynare (version 6.3).
Calling Dynare with arguments: noclearall
Starting preprocessing of the model file ... 
Substitution of endo lags >= 2: added 2 auxiliary variables and equations. 
Substitution of exo lags: added 2 auxiliary variables and equations. 
Found 54 equation(s). 
Evaluating expressions... 
Computing static model derivatives (order 1). 
Normalizing the static model... 
Finding the optimal block decomposition of the static model... 
15 block(s) found: 
  13 recursive block(s) and 2 simultaneous block(s). 
  the largest simultaneous block has 17 equation(s) 
                                 and 17 feedback variable(s). 
Computing dynamic model derivatives (order 2). 
Normalizing the dynamic model... 
Finding the optimal block decomposition of the dynamic model... 
8 block(s) found: 
  6 recursive block(s) and 2 simultaneous block(s). 
  the largest simultaneous block has 17 equation(s) 
                                 and 15 feedback variable(s). 
Preprocessing completed. 
Preprocessing time: 0h00m00s.

STEADY-STATE RESULTS:

c                		 0
r                		 0
pi               		 0
i                		 0
q                		 0
rk               		 0
y                		 0
v                		 0
k                		 0
n                		 0
mc               		 0
w                		 0
z                		 0
u                		 0
e                		 0
un               		 0
l                		 0
kbar             		 0
ygap             		 0
cf               		 0
rf               		 0
invf             		 0
qf               		 0
rkf              		 0
vf               		 0
kf               		 0
nf               		 0
wf               		 0
zf               		 0
ef               		 0
kbarf            		 0
yf               		 0
epsilon_b        		 0
epsilon_q        		 0
epsilon_g        		 0
epsilon_a        		 0
epsilon_p        		 0
epsilon_s        		 0
epsilon_w        		 0
epsilon_r        		 0
dy_obs           		 0.357215
dc_obs           		 0.357215
di_obs           		 0.357215
pi_obs           		 0.56137
dw_obs           		 0.692218
de_obs           		 0.226367
u_obs            		 9.28777
r_obs            		 3.85349
r_year           		 0
pi_year          		 0

EIGENVALUES:
         Modulus             Real        Imaginary
               0                0                0
               0                0                0
       1.094e-17       -1.094e-17                0
       2.488e-17       -2.488e-17                0
        4.24e-17        -4.24e-17                0
         6.3e-17          6.3e-17                0
       7.141e-17       -7.141e-17                0
          0.2504           0.2504                0
          0.3165           0.3165                0
          0.3451           0.3451                0
          0.6241           0.6241                0
          0.6868           0.6862          0.02973
          0.6868           0.6862         -0.02973
          0.7056           0.7056                0
          0.8005           0.8005                0
          0.8184           0.8146          0.07918
          0.8184           0.8146         -0.07918
           0.832            0.832                0
          0.9054           0.9054                0
          0.9157           0.9157                0
          0.9178           0.9178                0
          0.9244           0.9244                0
          0.9588           0.9588                0
          0.9659           0.9659                0
          0.9827           0.9827                0
          0.9929           0.9929                0
           0.999            0.999                0
           1.013            1.013                0
           1.037            1.037                0
           1.041            1.041                0
           1.135            1.135                0
           1.135            1.125           0.1459
           1.135            1.125          -0.1459
           1.356            1.356                0
           1.418            1.418                0
           1.421            1.421                0
       6.162e+15       -6.162e+15                0
       4.041e+16       -4.041e+16                0
             Inf              Inf                0

There are 12 eigenvalue(s) larger than 1 in modulus for 12 forward-looking variable(s)
The rank condition is verified.


You did not declare endogenous variables after the estimation/calib_smoother command.
Initial value of the log posterior (or likelihood): -9806.2185
[Warning: gmhmaxlik: Unknown option (MaxIter)!] 
[> In <a href="matlab:matlab.lang.internal.introspective.errorDocCallback('gmhmaxlik', 'C:\dynare\6.3\matlab\optimization\gmhmaxlik.m', 59)" style="font-weight:bold">gmhmaxlik</a> (<a href="matlab: opentoline('C:\dynare\6.3\matlab\optimization\gmhmaxlik.m',59,0)">line 59</a>)
In <a href="matlab:matlab.lang.internal.introspective.errorDocCallback('dynare_minimize_objective', 'C:\dynare\6.3\matlab\optimization\dynare_minimize_objective.m', 345)" style="font-weight:bold">dynare_minimize_objective</a> (<a href="matlab: opentoline('C:\dynare\6.3\matlab\optimization\dynare_minimize_objective.m',345,0)">line 345</a>)
In <a href="matlab:matlab.lang.internal.introspective.errorDocCallback('dynare_estimation_1', 'C:\dynare\6.3\matlab\estimation\dynare_estimation_1.m', 244)" style="font-weight:bold">dynare_estimation_1</a> (<a href="matlab: opentoline('C:\dynare\6.3\matlab\estimation\dynare_estimation_1.m',244,0)">line 244</a>)
In <a href="matlab:matlab.lang.internal.introspective.errorDocCallback('dynare_estimation', 'C:\dynare\6.3\matlab\estimation\dynare_estimation.m', 105)" style="font-weight:bold">dynare_estimation</a> (<a href="matlab: opentoline('C:\dynare\6.3\matlab\estimation\dynare_estimation.m',105,0)">line 105</a>)
In <a href="matlab:matlab.lang.internal.introspective.errorDocCallback('EA_SWW14_rep.driver', 'D:\Github\DSGE_Routledge\Smets_Warne_Wouters_2014\EA_SWW14_rep\+EA_SWW14_rep\driver.m', 1570)" style="font-weight:bold">EA_SWW14_rep.driver</a> (<a href="matlab: opentoline('D:\Github\DSGE_Routledge\Smets_Warne_Wouters_2014\EA_SWW14_rep\+EA_SWW14_rep\driver.m',1570,0)">line 1570</a>)
In <a href="matlab:matlab.lang.internal.introspective.errorDocCallback('dynare', 'C:\dynare\6.3\matlab\dynare.m', 308)" style="font-weight:bold">dynare</a> (<a href="matlab: opentoline('C:\dynare\6.3\matlab\dynare.m',308,0)">line 308</a>)
In <a href="matlab:matlab.lang.internal.introspective.errorDocCallback('run', 'D:\Github\DSGE_Routledge\Smets_Warne_Wouters_2014\run.m', 5)" style="font-weight:bold">run</a> (<a href="matlab: opentoline('D:\Github\DSGE_Routledge\Smets_Warne_Wouters_2014\run.m',5,0)">line 5</a>)] 

==========================================================
   Change in the posterior covariance matrix = 3.9998.
   Change in the posterior mean = 1.8343.
   Current mode = 588.5883
   Mode improvement = 9217.6302
   New value of jscale = 0.0069605
==========================================================

==========================================================
   Change in the posterior covariance matrix = 0.19278.
   Change in the posterior mean = 3.5356.
   Current mode = 555.3795
   Mode improvement = 33.2088
   New value of jscale = 0.3752
==========================================================

==========================================================
   Change in the posterior covariance matrix = 1.061.
   Change in the posterior mean = 0.99256.
   Current mode = 541.4409
   Mode improvement = 13.9386
   New value of jscale = 0.19027
==========================================================

Optimal value of the scale parameter = 0.19027


Final value of minus the log posterior (or likelihood):541.440909 

RESULTS FROM POSTERIOR ESTIMATION
parameters
           prior mean     mode    s.d.  prior pstdev

c_rho_a        0.5000   0.8463  0.0499   beta 0.2000 
c_rho_b        0.5000   0.6353  0.0655   beta 0.2000 
c_rho_q        0.5000   0.1634  0.0757   beta 0.2000 
c_rho_g        0.5000   0.7210  0.0704   beta 0.2000 
c_rho_ga       0.5000   0.2076  0.0581   beta 0.2000 
c_rho_p        0.5000   0.9345  0.0712   beta 0.2000 
c_rho_w        0.5000   0.6126  0.1073   beta 0.2000 
c_rho_r        0.5000   0.7628  0.0599   beta 0.2000 
c_mu_p         0.5000   0.9724  0.1005   beta 0.2000 
c_mu_w         0.5000   0.6015  0.0872   beta 0.2000 
c_alpha        0.3000   0.3455  0.0321   norm 0.0500 
c_beta_bar     0.2500   0.2445  0.0627   gamm 0.1000 
c_e_bar        0.0000   0.2031  0.0410   norm 2.0000 
c_gamma_w      0.5000   0.3747  0.1294   beta 0.1500 
c_gamma_p      0.5000   0.2716  0.0933   beta 0.1500 
c_h            0.7000   0.3466  0.0792   beta 0.1000 
c_psi_p        1.2500   1.3565  0.0826   norm 0.1250 
c_pi_bar       0.6250   0.7330  0.0778   gamm 0.1000 
c_phi          4.0000   4.3317  1.1307   norm 1.5000 
c_psi          0.5000   0.7328  0.0751   beta 0.1500 
c_rho_intr     0.7500   0.9461  0.0105   beta 0.1000 
c_rpi          1.5000   1.1573  0.1773   norm 0.2500 
c_rdy          0.1250   0.0675  0.0312   norm 0.0500 
c_ry           0.1250   0.1594  0.0327   norm 0.0500 
c_omega        2.0000   2.9847  0.4405   norm 0.7500 
c_tau_bar      0.4000   0.1000  0.0277   norm 0.1000 
c_theta_p      0.5000   0.5002  0.0433   beta 0.1000 
c_theta_w      0.5000   0.4825  0.0669   beta 0.1000 
c_v            1.5000   0.2500  0.0165   norm 0.3750 

standard deviation of shocks
           prior mean     mode    s.d.  prior pstdev

eta_a          0.1000   0.9014  0.1266   invg 2.0000 
eta_b          0.1000   2.3705  0.4112   invg 2.0000 
eta_g          0.1000   0.5622  0.0589   invg 2.0000 
eta_q          0.1000   1.6888  0.1798   invg 2.0000 
eta_r          0.1000   0.0441  0.0049   invg 2.0000 
eta_p          0.1000   0.7893  0.1224   invg 2.0000 
eta_w          0.1000   1.8192  0.2667   invg 2.0000 
eta_s          0.1000   1.2456  0.3143   invg 2.0000 


Log data density [Laplace approximation] is -617.347476.


MODEL SUMMARY

  Number of variables:         54
  Number of stochastic shocks: 8
  Number of state variables:   27
  Number of jumpers:           12
  Number of static variables:  23


MATRIX OF COVARIANCE OF EXOGENOUS SHOCKS
Variables       eta_b     eta_q     eta_g     eta_a     eta_p     eta_s     eta_w     eta_r
eta_b        5.619371  0.000000  0.000000  0.000000  0.000000  0.000000  0.000000  0.000000
eta_q        0.000000  2.852082  0.000000  0.000000  0.000000  0.000000  0.000000  0.000000
eta_g        0.000000  0.000000  0.316092  0.000000  0.000000  0.000000  0.000000  0.000000
eta_a        0.000000  0.000000  0.000000  0.812526  0.000000  0.000000  0.000000  0.000000
eta_p        0.000000  0.000000  0.000000  0.000000  0.622951  0.000000  0.000000  0.000000
eta_s        0.000000  0.000000  0.000000  0.000000  0.000000  1.551569  0.000000  0.000000
eta_w        0.000000  0.000000  0.000000  0.000000  0.000000  0.000000  3.309514  0.000000
eta_r        0.000000  0.000000  0.000000  0.000000  0.000000  0.000000  0.000000  0.001945

POLICY AND TRANSITION FUNCTIONS
                                  pi
r(-1)                      -0.123879
z(-1)                       0.001889
kbar(-1)                   -0.035210
ygap(-1)                    0.000476
zf(-1)                     -0.001555
kbarf(-1)                   0.020993
epsilon_b(-1)               0.001974
epsilon_q(-1)              -0.000821
epsilon_g(-1)               0.002627
epsilon_a(-1)              -0.022407
epsilon_p(-1)              -5.009161
epsilon_s(-1)              -0.000405
epsilon_w(-1)               0.075943
epsilon_r(-1)               0.495298
eta_p(-2)                   5.212203
eta_w(-2)                  -0.074574
c(-1)                       0.002216
pi(-1)                      0.272516
i(-1)                      -0.003613
w(-1)                       0.029461
e(-1)                       0.004098
cf(-1)                     -0.000893
invf(-1)                    0.003123
eta_b                       0.003107
eta_q                      -0.005023
eta_g                       0.003644
eta_a                      -0.025718
eta_p                      -0.287186
eta_s                      -0.000406
eta_w                       0.024711
eta_r                       0.649278


MOMENTS OF SIMULATED VARIABLES
VARIABLE              MEAN       STD. DEV.        VARIANCE        SKEWNESS        KURTOSIS
pi               -0.174253        0.638961        0.408271        0.269001       -0.321941


CORRELATION OF SIMULATED VARIABLES
VARIABLE        pi
pi          1.0000


AUTOCORRELATION OF SIMULATED VARIABLES
VARIABLE         1       2       3       4       5
pi          0.7919  0.7090  0.6741  0.6251  0.5826



VARIANCE DECOMPOSITION SIMULATING ONE SHOCK AT A TIME (in percent)
                 eta_b             eta_q             eta_g             eta_a             eta_p             eta_s             eta_w             eta_r  Tot. lin. contr.
pi                0.77              0.37              0.00              0.37             92.56              0.03              3.83              3.66            101.60
Note: numbers do not add up to 100 due to non-zero correlation of simulated shocks in small samples

Total computing time : 0h12m39s
Note: warning(s) encountered in MATLAB/Octave code
