Starting Dynare (version 6.3).
Calling Dynare with arguments: noclearall
Starting preprocessing of the model file ... 
Substitution of endo lags >= 2: added 2 auxiliary variables and equations. 
Substitution of exo lags: added 2 auxiliary variables and equations. 
Found 54 equation(s). 
Evaluating expressions... 
Computing static model derivatives (order 1). 
Normalizing the static model... 
Finding the optimal block decomposition of the static model... 
15 block(s) found: 
  13 recursive block(s) and 2 simultaneous block(s). 
  the largest simultaneous block has 17 equation(s) 
                                 and 17 feedback variable(s). 
Computing dynamic model derivatives (order 2). 
Normalizing the dynamic model... 
Finding the optimal block decomposition of the dynamic model... 
8 block(s) found: 
  6 recursive block(s) and 2 simultaneous block(s). 
  the largest simultaneous block has 17 equation(s) 
                                 and 15 feedback variable(s). 
Preprocessing completed. 
Preprocessing time: 0h00m00s.

STEADY-STATE RESULTS:

c                		 0
r                		 0
pi               		 0
i                		 0
q                		 0
rk               		 0
y                		 0
v                		 0
k                		 0
n                		 0
mc               		 0
w                		 0
z                		 0
u                		 0
e                		 0
un               		 0
l                		 0
kbar             		 0
ygap             		 0
cf               		 0
rf               		 0
invf             		 0
qf               		 0
rkf              		 0
vf               		 0
kf               		 0
nf               		 0
wf               		 0
zf               		 0
ef               		 0
kbarf            		 0
yf               		 0
epsilon_b        		 0
epsilon_q        		 0
epsilon_g        		 0
epsilon_a        		 0
epsilon_p        		 0
epsilon_s        		 0
epsilon_w        		 0
epsilon_r        		 0
dy_obs           		 0.357215
dc_obs           		 0.357215
di_obs           		 0.357215
pi_obs           		 0.56137
dw_obs           		 0.692218
de_obs           		 0.226367
u_obs            		 9.28777
r_obs            		 3.85349
r_year           		 0
pi_year          		 0

EIGENVALUES:
         Modulus             Real        Imaginary
               0                0                0
               0                0                0
       1.094e-17       -1.094e-17                0
       2.488e-17       -2.488e-17                0
        4.24e-17        -4.24e-17                0
         6.3e-17          6.3e-17                0
       7.141e-17       -7.141e-17                0
          0.2504           0.2504                0
          0.3165           0.3165                0
          0.3451           0.3451                0
          0.6241           0.6241                0
          0.6868           0.6862          0.02973
          0.6868           0.6862         -0.02973
          0.7056           0.7056                0
          0.8005           0.8005                0
          0.8184           0.8146          0.07918
          0.8184           0.8146         -0.07918
           0.832            0.832                0
          0.9054           0.9054                0
          0.9157           0.9157                0
          0.9178           0.9178                0
          0.9244           0.9244                0
          0.9588           0.9588                0
          0.9659           0.9659                0
          0.9827           0.9827                0
          0.9929           0.9929                0
           0.999            0.999                0
           1.013            1.013                0
           1.037            1.037                0
           1.041            1.041                0
           1.135            1.135                0
           1.135            1.125           0.1459
           1.135            1.125          -0.1459
           1.356            1.356                0
           1.418            1.418                0
           1.421            1.421                0
       6.162e+15       -6.162e+15                0
       4.041e+16       -4.041e+16                0
             Inf              Inf                0

There are 12 eigenvalue(s) larger than 1 in modulus for 12 forward-looking variable(s)
The rank condition is verified.


You did not declare endogenous variables after the estimation/calib_smoother command.

Initial value of the log posterior (or likelihood): -758.4196

RESULTS FROM POSTERIOR ESTIMATION
parameters
           prior mean     mode    s.d.  prior pstdev

c_rho_a        0.5000   0.5141  0.1177   beta 0.2000 
c_rho_b        0.5000   0.1903  0.0666   beta 0.2000 
c_rho_q        0.5000   0.5399  0.0854   beta 0.2000 
c_rho_g        0.5000   0.8206  0.0579   beta 0.2000 
c_rho_ga       0.5000   0.2092  0.0520   beta 0.2000 
c_rho_p        0.5000   0.9018  0.0420   beta 0.2000 
c_rho_w        0.5000   0.5570  0.0671   beta 0.2000 
c_rho_r        0.5000   0.5127  0.1076   beta 0.2000 
c_mu_p         0.5000   0.7881  0.1088   beta 0.2000 
c_mu_w         0.5000   0.1364  0.0878   beta 0.2000 
c_alpha        0.3000   0.3146  0.0347   norm 0.0500 
c_beta_bar     0.2500   0.2126  0.1708   gamm 0.1000 
c_e_bar        0.0000   0.2988  0.0937   norm 2.0000 
c_gamma_w      0.5000   0.3258  0.1552   beta 0.1500 
c_gamma_p      0.5000   0.3832  0.1255   beta 0.1500 
c_h            0.7000   0.6111  0.0779   beta 0.1000 
c_psi_p        1.2500   1.2638  0.1092   norm 0.1250 
c_pi_bar       0.6250   0.6721  0.1218   gamm 0.1000 
c_phi          4.0000   3.8411  1.2055   norm 1.5000 
c_psi          0.5000   0.7444  0.0810   beta 0.1500 
c_rho_intr     0.7500   0.9573  0.0066   beta 0.1000 
c_rpi          1.5000   1.1962  0.1089   norm 0.2500 
c_rdy          0.1250   0.0728  0.0353   norm 0.0500 
c_ry           0.1250   0.1688  0.0303   norm 0.0500 
c_omega        2.0000   5.1896  0.3966   norm 0.7500 
c_tau_bar      0.4000   0.5576  0.0535   norm 0.1000 
c_theta_p      0.5000   0.5116  0.0668   beta 0.1000 
c_theta_w      0.5000   0.4908  0.0923   beta 0.1000 
c_v            1.5000   0.2500  0.0797   norm 0.3750 

standard deviation of shocks
           prior mean     mode    s.d.  prior pstdev

eta_a          0.1000   2.3073  0.2649   invg 2.0000 
eta_b          0.1000   5.0000  0.2094   invg 2.0000 
eta_g          0.1000   0.7986  0.0691   invg 2.0000 
eta_q          0.1000   1.3151  0.2027   invg 2.0000 
eta_r          0.1000   0.0886  0.0096   invg 2.0000 
eta_p          0.1000   1.0771  0.2687   invg 2.0000 
eta_w          0.1000   3.0000  0.1236   invg 2.0000 
eta_s          0.1000   5.0000  0.1394   invg 2.0000 


Log data density [Laplace approximation] is -823.418949.



MODEL SUMMARY

  Number of variables:         54
  Number of stochastic shocks: 8
  Number of state variables:   27
  Number of jumpers:           12
  Number of static variables:  23


MATRIX OF COVARIANCE OF EXOGENOUS SHOCKS
Variables        eta_b      eta_q      eta_g      eta_a      eta_p      eta_s      eta_w      eta_r
eta_b        25.000000   0.000000   0.000000   0.000000   0.000000   0.000000   0.000000   0.000000
eta_q         0.000000   1.729547   0.000000   0.000000   0.000000   0.000000   0.000000   0.000000
eta_g         0.000000   0.000000   0.637775   0.000000   0.000000   0.000000   0.000000   0.000000
eta_a         0.000000   0.000000   0.000000   5.323563   0.000000   0.000000   0.000000   0.000000
eta_p         0.000000   0.000000   0.000000   0.000000   1.160227   0.000000   0.000000   0.000000
eta_s         0.000000   0.000000   0.000000   0.000000   0.000000  25.000000   0.000000   0.000000
eta_w         0.000000   0.000000   0.000000   0.000000   0.000000   0.000000   9.000000   0.000000
eta_r         0.000000   0.000000   0.000000   0.000000   0.000000   0.000000   0.000000   0.007850

POLICY AND TRANSITION FUNCTIONS
                                  pi
r(-1)                      -0.239786
z(-1)                       0.001603
kbar(-1)                   -0.037363
ygap(-1)                    0.000779
zf(-1)                     -0.001413
kbarf(-1)                   0.024072
epsilon_b(-1)               0.000100
epsilon_q(-1)              -0.005346
epsilon_g(-1)               0.003210
epsilon_a(-1)              -0.005202
epsilon_p(-1)              -3.157106
epsilon_s(-1)              -0.000171
epsilon_w(-1)               0.047857
epsilon_r(-1)               0.275741
eta_p(-2)                   2.758865
eta_w(-2)                  -0.011718
c(-1)                       0.001196
pi(-1)                      0.372917
i(-1)                      -0.003687
w(-1)                       0.026187
e(-1)                       0.006095
cf(-1)                     -0.000423
invf(-1)                    0.003103
eta_b                       0.000525
eta_q                      -0.009902
eta_g                       0.003912
eta_a                      -0.009302
eta_p                      -0.860015
eta_s                      -0.000172
eta_w                       0.069866
eta_r                       0.537861


MOMENTS OF SIMULATED VARIABLES
VARIABLE              MEAN       STD. DEV.        VARIANCE        SKEWNESS        KURTOSIS
pi                0.077601        1.639015        2.686370        0.210599        0.157010


CORRELATION OF SIMULATED VARIABLES
VARIABLE        pi
pi          1.0000


AUTOCORRELATION OF SIMULATED VARIABLES
VARIABLE         1       2       3       4       5
pi          0.8052  0.6586  0.5324  0.4403  0.3424



VARIANCE DECOMPOSITION SIMULATING ONE SHOCK AT A TIME (in percent)
                 eta_b             eta_q             eta_g             eta_a             eta_p             eta_s             eta_w             eta_r  Tot. lin. contr.
pi                0.02              0.36              0.00              0.04             82.67              0.11             14.78              1.03             99.03
Note: numbers do not add up to 100 due to non-zero correlation of simulated shocks in small samples

Total computing time : 0h00m05s
